============================================================
  Generated by:           Genus(TM) Synthesis Solution 21.14-s082_1
  Generated on:           Dec 30 2025  02:26:40 pm
  Module:                 sync_fifo
  Operating conditions:   fast (balanced_tree)
  Wireload mode:          enclosed
  Area mode:              timing library
============================================================


Path 1: MET (8624 ps) Setup Check with Pin data_o_reg[6]/CK->D
          Group: clk
     Startpoint: (R) w_ptr_reg[2]/CK
          Clock: (R) clk
       Endpoint: (F) data_o_reg[6]/D
          Clock: (R) clk

                     Capture       Launch     
        Clock Edge:+   10000            0     
       Src Latency:+       0            0     
       Net Latency:+       0 (I)        0 (I) 
           Arrival:=   10000            0     
                                              
             Setup:-     140                  
     Required Time:=    9860                  
      Launch Clock:-       0                  
         Data Path:-    1236                  
             Slack:=    8624                  

#----------------------------------------------------------------------------------------
#  Timing Point   Flags   Arc   Edge   Cell     Fanout Load Trans Delay Arrival Instance 
#                                                      (fF)  (ps)  (ps)   (ps)  Location 
#----------------------------------------------------------------------------------------
  w_ptr_reg[2]/CK -       -     R     (arrival)    146    -     0     0       0    (-,-) 
  w_ptr_reg[2]/Q  -       CK->Q R     DFFTRX1        6 24.8   177   231     231    (-,-) 
  g2/Y            -       S0->Y R     MXI2XL         1  3.4   162    81     311    (-,-) 
  g11325__5477/Y  -       C0->Y F     OAI221XL       1  3.7    80    28     340    (-,-) 
  g11322__9945/Y  -       B0->Y R     AOI211XL       2  5.6   189    91     431    (-,-) 
  g11320__7482/Y  -       AN->Y R     NOR2BXL        2  2.2    72    72     503    (-,-) 
  g11314__1881/Y  -       AN->Y R     NAND2BX1      11 33.2   241   167     670    (-,-) 
  g11313/Y        -       A->Y  F     INVX1          3 11.6    85    40     710    (-,-) 
  g11307__8428/Y  -       B->Y  R     NAND2X1        2  7.1    83    68     778    (-,-) 
  g11511/Y        -       AN->Y R     NAND3BX1       4 16.3   156   120     898    (-,-) 
  g11261__1666/Y  -       B->Y  F     NOR2X1         8 36.0   149   108    1006    (-,-) 
  g11158__2398/Y  -       B1->Y R     AOI22X1        1  4.6   103    97    1102    (-,-) 
  g10767__1705/Y  -       D->Y  F     NAND4X1        1  3.3    59    39    1142    (-,-) 
  g10754__5107/Y  -       C0->Y R     AOI211XL       1  3.6   158    83    1224    (-,-) 
  g10750/Y        -       A->Y  F     INVX1          1  2.2    41    11    1236    (-,-) 
  data_o_reg[6]/D <<<     -     F     DFFHQX1        1    -     -     0    1236    (-,-) 
#----------------------------------------------------------------------------------------

